e:\c++\dx11\release\intermediate\vc143.pdb
e:\c++\dx11\release\intermediate\vc143.idb
e:\c++\dx11\release\intermediate\winversion.obj
e:\c++\dx11\release\intermediate\imgui_widgets.obj
e:\c++\dx11\release\intermediate\imgui_tables.obj
e:\c++\dx11\release\intermediate\imgui_impl_win32.obj
e:\c++\dx11\release\intermediate\imgui_impl_dx11.obj
e:\c++\dx11\release\intermediate\imgui_draw.obj
e:\c++\dx11\release\intermediate\imgui_demo.obj
e:\c++\dx11\release\intermediate\imgui.obj
e:\c++\dx11\release\intermediate\main.obj
e:\c++\dx11\release\dx11.exe
e:\c++\dx11\release\intermediate\dx11.ilk
e:\c++\dx11\release\dx11.pdb
c:\xampp\htdocs\bypassdx11\c++\release\intermediate\imgui.obj
c:\xampp\htdocs\bypassdx11\c++\release\intermediate\imgui_demo.obj
c:\xampp\htdocs\bypassdx11\c++\release\intermediate\imgui_draw.obj
c:\xampp\htdocs\bypassdx11\c++\release\intermediate\imgui_impl_dx11.obj
c:\xampp\htdocs\bypassdx11\c++\release\intermediate\imgui_impl_win32.obj
c:\xampp\htdocs\bypassdx11\c++\release\intermediate\imgui_tables.obj
c:\xampp\htdocs\bypassdx11\c++\release\intermediate\imgui_widgets.obj
c:\xampp\htdocs\bypassdx11\c++\release\intermediate\main.obj
c:\xampp\htdocs\bypassdx11\c++\release\intermediate\winversion.obj
c:\xampp\htdocs\bypassdx11\c++\release\intermediate\dx11.ilk
c:\xampp\htdocs\bypassdx11\c++\release\intermediate\vc143.idb
c:\xampp\htdocs\bypassdx11\c++\release\intermediate\vc143.pdb
c:\xampp\htdocs\bypassdx11\c++\release\dx11.pdb
c:\xampp\htdocs\bypassdx11\c++\release\dx11.exe
c:\xampp\htdocs\bypassdx11\c++\release\intermediate\imgui.vcxproj.filelistabsolute.txt
c:\xampp\htdocs\bypassdx11\c++\release\intermediate\dx11.tlog\cl.command.1.tlog
c:\xampp\htdocs\bypassdx11\c++\release\intermediate\dx11.tlog\cl.items.tlog
c:\xampp\htdocs\bypassdx11\c++\release\intermediate\dx11.tlog\cl.read.1.tlog
c:\xampp\htdocs\bypassdx11\c++\release\intermediate\dx11.tlog\cl.write.1.tlog
c:\xampp\htdocs\bypassdx11\c++\release\intermediate\dx11.tlog\link.command.1.tlog
c:\xampp\htdocs\bypassdx11\c++\release\intermediate\dx11.tlog\link.read.1.tlog
c:\xampp\htdocs\bypassdx11\c++\release\intermediate\dx11.tlog\link.write.1.tlog
