  imgui.cpp
  imgui_demo.cpp
  imgui_draw.cpp
  imgui_impl_dx11.cpp
C:\xampp\htdocs\BypassDx11\C++\ImGui\dxsdk\Include\dxgitype.h(12,1): warning C4005: 'DXGI_STATUS_OCCLUDED': redefinição de macro
C:\Program Files (x86)\Windows Kits\10\Include\10.0.22000.0\shared\winerror.h(57679,1): message : consulte a definição anterior de 'DXGI_STATUS_OCCLUDED'
C:\xampp\htdocs\BypassDx11\C++\ImGui\dxsdk\Include\dxgitype.h(13,1): warning C4005: 'DXGI_STATUS_CLIPPED': redefinição de macro
C:\Program Files (x86)\Windows Kits\10\Include\10.0.22000.0\shared\winerror.h(57688,1): message : consulte a definição anterior de 'DXGI_STATUS_CLIPPED'
C:\xampp\htdocs\BypassDx11\C++\ImGui\dxsdk\Include\dxgitype.h(14,1): warning C4005: 'DXGI_STATUS_NO_REDIRECTION': redefinição de macro
C:\Program Files (x86)\Windows Kits\10\Include\10.0.22000.0\shared\winerror.h(57697,1): message : consulte a definição anterior de 'DXGI_STATUS_NO_REDIRECTION'
C:\xampp\htdocs\BypassDx11\C++\ImGui\dxsdk\Include\dxgitype.h(15,1): warning C4005: 'DXGI_STATUS_NO_DESKTOP_ACCESS': redefinição de macro
C:\Program Files (x86)\Windows Kits\10\Include\10.0.22000.0\shared\winerror.h(57706,1): message : consulte a definição anterior de 'DXGI_STATUS_NO_DESKTOP_ACCESS'
C:\xampp\htdocs\BypassDx11\C++\ImGui\dxsdk\Include\dxgitype.h(16,1): warning C4005: 'DXGI_STATUS_GRAPHICS_VIDPN_SOURCE_IN_USE': redefinição de macro
C:\Program Files (x86)\Windows Kits\10\Include\10.0.22000.0\shared\winerror.h(57715,1): message : consulte a definição anterior de 'DXGI_STATUS_GRAPHICS_VIDPN_SOURCE_IN_USE'
C:\xampp\htdocs\BypassDx11\C++\ImGui\dxsdk\Include\dxgitype.h(17,1): warning C4005: 'DXGI_STATUS_MODE_CHANGED': redefinição de macro
C:\Program Files (x86)\Windows Kits\10\Include\10.0.22000.0\shared\winerror.h(57724,1): message : consulte a definição anterior de 'DXGI_STATUS_MODE_CHANGED'
C:\xampp\htdocs\BypassDx11\C++\ImGui\dxsdk\Include\dxgitype.h(18,1): warning C4005: 'DXGI_STATUS_MODE_CHANGE_IN_PROGRESS': redefinição de macro
C:\Program Files (x86)\Windows Kits\10\Include\10.0.22000.0\shared\winerror.h(57733,1): message : consulte a definição anterior de 'DXGI_STATUS_MODE_CHANGE_IN_PROGRESS'
C:\xampp\htdocs\BypassDx11\C++\ImGui\dxsdk\Include\dxgitype.h(21,1): warning C4005: 'DXGI_ERROR_INVALID_CALL': redefinição de macro
C:\Program Files (x86)\Windows Kits\10\Include\10.0.22000.0\shared\winerror.h(57748,1): message : consulte a definição anterior de 'DXGI_ERROR_INVALID_CALL'
C:\xampp\htdocs\BypassDx11\C++\ImGui\dxsdk\Include\dxgitype.h(22,1): warning C4005: 'DXGI_ERROR_NOT_FOUND': redefinição de macro
C:\Program Files (x86)\Windows Kits\10\Include\10.0.22000.0\shared\winerror.h(57757,1): message : consulte a definição anterior de 'DXGI_ERROR_NOT_FOUND'
C:\xampp\htdocs\BypassDx11\C++\ImGui\dxsdk\Include\dxgitype.h(23,1): warning C4005: 'DXGI_ERROR_MORE_DATA': redefinição de macro
C:\Program Files (x86)\Windows Kits\10\Include\10.0.22000.0\shared\winerror.h(57766,1): message : consulte a definição anterior de 'DXGI_ERROR_MORE_DATA'
C:\xampp\htdocs\BypassDx11\C++\ImGui\dxsdk\Include\dxgitype.h(24,1): warning C4005: 'DXGI_ERROR_UNSUPPORTED': redefinição de macro
C:\Program Files (x86)\Windows Kits\10\Include\10.0.22000.0\shared\winerror.h(57775,1): message : consulte a definição anterior de 'DXGI_ERROR_UNSUPPORTED'
C:\xampp\htdocs\BypassDx11\C++\ImGui\dxsdk\Include\dxgitype.h(25,1): warning C4005: 'DXGI_ERROR_DEVICE_REMOVED': redefinição de macro
C:\Program Files (x86)\Windows Kits\10\Include\10.0.22000.0\shared\winerror.h(57784,1): message : consulte a definição anterior de 'DXGI_ERROR_DEVICE_REMOVED'
C:\xampp\htdocs\BypassDx11\C++\ImGui\dxsdk\Include\dxgitype.h(26,1): warning C4005: 'DXGI_ERROR_DEVICE_HUNG': redefinição de macro
C:\Program Files (x86)\Windows Kits\10\Include\10.0.22000.0\shared\winerror.h(57793,1): message : consulte a definição anterior de 'DXGI_ERROR_DEVICE_HUNG'
C:\xampp\htdocs\BypassDx11\C++\ImGui\dxsdk\Include\dxgitype.h(27,1): warning C4005: 'DXGI_ERROR_DEVICE_RESET': redefinição de macro
C:\Program Files (x86)\Windows Kits\10\Include\10.0.22000.0\shared\winerror.h(57803,1): message : consulte a definição anterior de 'DXGI_ERROR_DEVICE_RESET'
C:\xampp\htdocs\BypassDx11\C++\ImGui\dxsdk\Include\dxgitype.h(28,1): warning C4005: 'DXGI_ERROR_WAS_STILL_DRAWING': redefinição de macro
C:\Program Files (x86)\Windows Kits\10\Include\10.0.22000.0\shared\winerror.h(57812,1): message : consulte a definição anterior de 'DXGI_ERROR_WAS_STILL_DRAWING'
C:\xampp\htdocs\BypassDx11\C++\ImGui\dxsdk\Include\dxgitype.h(29,1): warning C4005: 'DXGI_ERROR_FRAME_STATISTICS_DISJOINT': redefinição de macro
C:\Program Files (x86)\Windows Kits\10\Include\10.0.22000.0\shared\winerror.h(57822,1): message : consulte a definição anterior de 'DXGI_ERROR_FRAME_STATISTICS_DISJOINT'
C:\xampp\htdocs\BypassDx11\C++\ImGui\dxsdk\Include\dxgitype.h(30,1): warning C4005: 'DXGI_ERROR_GRAPHICS_VIDPN_SOURCE_IN_USE': redefinição de macro
C:\Program Files (x86)\Windows Kits\10\Include\10.0.22000.0\shared\winerror.h(57831,1): message : consulte a definição anterior de 'DXGI_ERROR_GRAPHICS_VIDPN_SOURCE_IN_USE'
C:\xampp\htdocs\BypassDx11\C++\ImGui\dxsdk\Include\dxgitype.h(31,1): warning C4005: 'DXGI_ERROR_DRIVER_INTERNAL_ERROR': redefinição de macro
C:\Program Files (x86)\Windows Kits\10\Include\10.0.22000.0\shared\winerror.h(57841,1): message : consulte a definição anterior de 'DXGI_ERROR_DRIVER_INTERNAL_ERROR'
C:\xampp\htdocs\BypassDx11\C++\ImGui\dxsdk\Include\dxgitype.h(32,1): warning C4005: 'DXGI_ERROR_NONEXCLUSIVE': redefinição de macro
C:\Program Files (x86)\Windows Kits\10\Include\10.0.22000.0\shared\winerror.h(57850,1): message : consulte a definição anterior de 'DXGI_ERROR_NONEXCLUSIVE'
C:\xampp\htdocs\BypassDx11\C++\ImGui\dxsdk\Include\dxgitype.h(33,1): warning C4005: 'DXGI_ERROR_NOT_CURRENTLY_AVAILABLE': redefinição de macro
C:\Program Files (x86)\Windows Kits\10\Include\10.0.22000.0\shared\winerror.h(57859,1): message : consulte a definição anterior de 'DXGI_ERROR_NOT_CURRENTLY_AVAILABLE'
C:\xampp\htdocs\BypassDx11\C++\ImGui\dxsdk\Include\dxgitype.h(34,1): warning C4005: 'DXGI_ERROR_REMOTE_CLIENT_DISCONNECTED': redefinição de macro
C:\Program Files (x86)\Windows Kits\10\Include\10.0.22000.0\shared\winerror.h(57869,1): message : consulte a definição anterior de 'DXGI_ERROR_REMOTE_CLIENT_DISCONNECTED'
C:\xampp\htdocs\BypassDx11\C++\ImGui\dxsdk\Include\dxgitype.h(35,1): warning C4005: 'DXGI_ERROR_REMOTE_OUTOFMEMORY': redefinição de macro
C:\Program Files (x86)\Windows Kits\10\Include\10.0.22000.0\shared\winerror.h(57878,1): message : consulte a definição anterior de 'DXGI_ERROR_REMOTE_OUTOFMEMORY'
C:\xampp\htdocs\BypassDx11\C++\ImGui\dxsdk\Include\d3d11.h(917,1): warning C4005: 'D3D11_ERROR_TOO_MANY_UNIQUE_STATE_OBJECTS': redefinição de macro
C:\Program Files (x86)\Windows Kits\10\Include\10.0.22000.0\shared\winerror.h(58170,1): message : consulte a definição anterior de 'D3D11_ERROR_TOO_MANY_UNIQUE_STATE_OBJECTS'
C:\xampp\htdocs\BypassDx11\C++\ImGui\dxsdk\Include\d3d11.h(918,1): warning C4005: 'D3D11_ERROR_FILE_NOT_FOUND': redefinição de macro
C:\Program Files (x86)\Windows Kits\10\Include\10.0.22000.0\shared\winerror.h(58179,1): message : consulte a definição anterior de 'D3D11_ERROR_FILE_NOT_FOUND'
C:\xampp\htdocs\BypassDx11\C++\ImGui\dxsdk\Include\d3d11.h(919,1): warning C4005: 'D3D11_ERROR_TOO_MANY_UNIQUE_VIEW_OBJECTS': redefinição de macro
C:\Program Files (x86)\Windows Kits\10\Include\10.0.22000.0\shared\winerror.h(58189,1): message : consulte a definição anterior de 'D3D11_ERROR_TOO_MANY_UNIQUE_VIEW_OBJECTS'
C:\xampp\htdocs\BypassDx11\C++\ImGui\dxsdk\Include\d3d11.h(920,1): warning C4005: 'D3D11_ERROR_DEFERRED_CONTEXT_MAP_WITHOUT_INITIAL_DISCARD': redefinição de macro
C:\Program Files (x86)\Windows Kits\10\Include\10.0.22000.0\shared\winerror.h(58198,1): message : consulte a definição anterior de 'D3D11_ERROR_DEFERRED_CONTEXT_MAP_WITHOUT_INITIAL_DISCARD'
C:\xampp\htdocs\BypassDx11\C++\ImGui\dxsdk\Include\d3d10.h(608,1): warning C4005: 'D3D10_ERROR_TOO_MANY_UNIQUE_STATE_OBJECTS': redefinição de macro
C:\Program Files (x86)\Windows Kits\10\Include\10.0.22000.0\shared\winerror.h(58146,1): message : consulte a definição anterior de 'D3D10_ERROR_TOO_MANY_UNIQUE_STATE_OBJECTS'
C:\xampp\htdocs\BypassDx11\C++\ImGui\dxsdk\Include\d3d10.h(609,1): warning C4005: 'D3D10_ERROR_FILE_NOT_FOUND': redefinição de macro
C:\Program Files (x86)\Windows Kits\10\Include\10.0.22000.0\shared\winerror.h(58155,1): message : consulte a definição anterior de 'D3D10_ERROR_FILE_NOT_FOUND'
  imgui_impl_win32.cpp
  imgui_tables.cpp
  imgui_widgets.cpp
  main.cpp
C:\xampp\htdocs\BypassDx11\C++\ImGui\func\changeName.h(16,85): warning C4244: 'argumento': conversão de '_Rep' para 'unsigned int', possível perda de dados
          with
          [
              _Rep=std::chrono::system_clock::rep
          ]
C:\xampp\htdocs\BypassDx11\C++\ImGui\dxsdk\Include\dxgitype.h(12,1): warning C4005: 'DXGI_STATUS_OCCLUDED': redefinição de macro
C:\Program Files (x86)\Windows Kits\10\Include\10.0.22000.0\shared\winerror.h(57679,1): message : consulte a definição anterior de 'DXGI_STATUS_OCCLUDED'
C:\xampp\htdocs\BypassDx11\C++\ImGui\dxsdk\Include\dxgitype.h(13,1): warning C4005: 'DXGI_STATUS_CLIPPED': redefinição de macro
C:\Program Files (x86)\Windows Kits\10\Include\10.0.22000.0\shared\winerror.h(57688,1): message : consulte a definição anterior de 'DXGI_STATUS_CLIPPED'
C:\xampp\htdocs\BypassDx11\C++\ImGui\dxsdk\Include\dxgitype.h(14,1): warning C4005: 'DXGI_STATUS_NO_REDIRECTION': redefinição de macro
C:\Program Files (x86)\Windows Kits\10\Include\10.0.22000.0\shared\winerror.h(57697,1): message : consulte a definição anterior de 'DXGI_STATUS_NO_REDIRECTION'
C:\xampp\htdocs\BypassDx11\C++\ImGui\dxsdk\Include\dxgitype.h(15,1): warning C4005: 'DXGI_STATUS_NO_DESKTOP_ACCESS': redefinição de macro
C:\Program Files (x86)\Windows Kits\10\Include\10.0.22000.0\shared\winerror.h(57706,1): message : consulte a definição anterior de 'DXGI_STATUS_NO_DESKTOP_ACCESS'
C:\xampp\htdocs\BypassDx11\C++\ImGui\dxsdk\Include\dxgitype.h(16,1): warning C4005: 'DXGI_STATUS_GRAPHICS_VIDPN_SOURCE_IN_USE': redefinição de macro
C:\Program Files (x86)\Windows Kits\10\Include\10.0.22000.0\shared\winerror.h(57715,1): message : consulte a definição anterior de 'DXGI_STATUS_GRAPHICS_VIDPN_SOURCE_IN_USE'
C:\xampp\htdocs\BypassDx11\C++\ImGui\dxsdk\Include\dxgitype.h(17,1): warning C4005: 'DXGI_STATUS_MODE_CHANGED': redefinição de macro
C:\Program Files (x86)\Windows Kits\10\Include\10.0.22000.0\shared\winerror.h(57724,1): message : consulte a definição anterior de 'DXGI_STATUS_MODE_CHANGED'
C:\xampp\htdocs\BypassDx11\C++\ImGui\dxsdk\Include\dxgitype.h(18,1): warning C4005: 'DXGI_STATUS_MODE_CHANGE_IN_PROGRESS': redefinição de macro
C:\Program Files (x86)\Windows Kits\10\Include\10.0.22000.0\shared\winerror.h(57733,1): message : consulte a definição anterior de 'DXGI_STATUS_MODE_CHANGE_IN_PROGRESS'
C:\xampp\htdocs\BypassDx11\C++\ImGui\dxsdk\Include\dxgitype.h(21,1): warning C4005: 'DXGI_ERROR_INVALID_CALL': redefinição de macro
C:\Program Files (x86)\Windows Kits\10\Include\10.0.22000.0\shared\winerror.h(57748,1): message : consulte a definição anterior de 'DXGI_ERROR_INVALID_CALL'
C:\xampp\htdocs\BypassDx11\C++\ImGui\dxsdk\Include\dxgitype.h(22,1): warning C4005: 'DXGI_ERROR_NOT_FOUND': redefinição de macro
C:\Program Files (x86)\Windows Kits\10\Include\10.0.22000.0\shared\winerror.h(57757,1): message : consulte a definição anterior de 'DXGI_ERROR_NOT_FOUND'
C:\xampp\htdocs\BypassDx11\C++\ImGui\dxsdk\Include\dxgitype.h(23,1): warning C4005: 'DXGI_ERROR_MORE_DATA': redefinição de macro
C:\Program Files (x86)\Windows Kits\10\Include\10.0.22000.0\shared\winerror.h(57766,1): message : consulte a definição anterior de 'DXGI_ERROR_MORE_DATA'
C:\xampp\htdocs\BypassDx11\C++\ImGui\dxsdk\Include\dxgitype.h(24,1): warning C4005: 'DXGI_ERROR_UNSUPPORTED': redefinição de macro
C:\Program Files (x86)\Windows Kits\10\Include\10.0.22000.0\shared\winerror.h(57775,1): message : consulte a definição anterior de 'DXGI_ERROR_UNSUPPORTED'
C:\xampp\htdocs\BypassDx11\C++\ImGui\dxsdk\Include\dxgitype.h(25,1): warning C4005: 'DXGI_ERROR_DEVICE_REMOVED': redefinição de macro
C:\Program Files (x86)\Windows Kits\10\Include\10.0.22000.0\shared\winerror.h(57784,1): message : consulte a definição anterior de 'DXGI_ERROR_DEVICE_REMOVED'
C:\xampp\htdocs\BypassDx11\C++\ImGui\dxsdk\Include\dxgitype.h(26,1): warning C4005: 'DXGI_ERROR_DEVICE_HUNG': redefinição de macro
C:\Program Files (x86)\Windows Kits\10\Include\10.0.22000.0\shared\winerror.h(57793,1): message : consulte a definição anterior de 'DXGI_ERROR_DEVICE_HUNG'
C:\xampp\htdocs\BypassDx11\C++\ImGui\dxsdk\Include\dxgitype.h(27,1): warning C4005: 'DXGI_ERROR_DEVICE_RESET': redefinição de macro
C:\Program Files (x86)\Windows Kits\10\Include\10.0.22000.0\shared\winerror.h(57803,1): message : consulte a definição anterior de 'DXGI_ERROR_DEVICE_RESET'
C:\xampp\htdocs\BypassDx11\C++\ImGui\dxsdk\Include\dxgitype.h(28,1): warning C4005: 'DXGI_ERROR_WAS_STILL_DRAWING': redefinição de macro
C:\Program Files (x86)\Windows Kits\10\Include\10.0.22000.0\shared\winerror.h(57812,1): message : consulte a definição anterior de 'DXGI_ERROR_WAS_STILL_DRAWING'
C:\xampp\htdocs\BypassDx11\C++\ImGui\dxsdk\Include\dxgitype.h(29,1): warning C4005: 'DXGI_ERROR_FRAME_STATISTICS_DISJOINT': redefinição de macro
C:\Program Files (x86)\Windows Kits\10\Include\10.0.22000.0\shared\winerror.h(57822,1): message : consulte a definição anterior de 'DXGI_ERROR_FRAME_STATISTICS_DISJOINT'
C:\xampp\htdocs\BypassDx11\C++\ImGui\dxsdk\Include\dxgitype.h(30,1): warning C4005: 'DXGI_ERROR_GRAPHICS_VIDPN_SOURCE_IN_USE': redefinição de macro
C:\Program Files (x86)\Windows Kits\10\Include\10.0.22000.0\shared\winerror.h(57831,1): message : consulte a definição anterior de 'DXGI_ERROR_GRAPHICS_VIDPN_SOURCE_IN_USE'
C:\xampp\htdocs\BypassDx11\C++\ImGui\dxsdk\Include\dxgitype.h(31,1): warning C4005: 'DXGI_ERROR_DRIVER_INTERNAL_ERROR': redefinição de macro
C:\Program Files (x86)\Windows Kits\10\Include\10.0.22000.0\shared\winerror.h(57841,1): message : consulte a definição anterior de 'DXGI_ERROR_DRIVER_INTERNAL_ERROR'
C:\xampp\htdocs\BypassDx11\C++\ImGui\dxsdk\Include\dxgitype.h(32,1): warning C4005: 'DXGI_ERROR_NONEXCLUSIVE': redefinição de macro
C:\Program Files (x86)\Windows Kits\10\Include\10.0.22000.0\shared\winerror.h(57850,1): message : consulte a definição anterior de 'DXGI_ERROR_NONEXCLUSIVE'
C:\xampp\htdocs\BypassDx11\C++\ImGui\dxsdk\Include\dxgitype.h(33,1): warning C4005: 'DXGI_ERROR_NOT_CURRENTLY_AVAILABLE': redefinição de macro
C:\Program Files (x86)\Windows Kits\10\Include\10.0.22000.0\shared\winerror.h(57859,1): message : consulte a definição anterior de 'DXGI_ERROR_NOT_CURRENTLY_AVAILABLE'
C:\xampp\htdocs\BypassDx11\C++\ImGui\dxsdk\Include\dxgitype.h(34,1): warning C4005: 'DXGI_ERROR_REMOTE_CLIENT_DISCONNECTED': redefinição de macro
C:\Program Files (x86)\Windows Kits\10\Include\10.0.22000.0\shared\winerror.h(57869,1): message : consulte a definição anterior de 'DXGI_ERROR_REMOTE_CLIENT_DISCONNECTED'
C:\xampp\htdocs\BypassDx11\C++\ImGui\dxsdk\Include\dxgitype.h(35,1): warning C4005: 'DXGI_ERROR_REMOTE_OUTOFMEMORY': redefinição de macro
C:\Program Files (x86)\Windows Kits\10\Include\10.0.22000.0\shared\winerror.h(57878,1): message : consulte a definição anterior de 'DXGI_ERROR_REMOTE_OUTOFMEMORY'
C:\xampp\htdocs\BypassDx11\C++\ImGui\dxsdk\Include\d3d11.h(917,1): warning C4005: 'D3D11_ERROR_TOO_MANY_UNIQUE_STATE_OBJECTS': redefinição de macro
C:\Program Files (x86)\Windows Kits\10\Include\10.0.22000.0\shared\winerror.h(58170,1): message : consulte a definição anterior de 'D3D11_ERROR_TOO_MANY_UNIQUE_STATE_OBJECTS'
C:\xampp\htdocs\BypassDx11\C++\ImGui\dxsdk\Include\d3d11.h(918,1): warning C4005: 'D3D11_ERROR_FILE_NOT_FOUND': redefinição de macro
C:\Program Files (x86)\Windows Kits\10\Include\10.0.22000.0\shared\winerror.h(58179,1): message : consulte a definição anterior de 'D3D11_ERROR_FILE_NOT_FOUND'
C:\xampp\htdocs\BypassDx11\C++\ImGui\dxsdk\Include\d3d11.h(919,1): warning C4005: 'D3D11_ERROR_TOO_MANY_UNIQUE_VIEW_OBJECTS': redefinição de macro
C:\Program Files (x86)\Windows Kits\10\Include\10.0.22000.0\shared\winerror.h(58189,1): message : consulte a definição anterior de 'D3D11_ERROR_TOO_MANY_UNIQUE_VIEW_OBJECTS'
C:\xampp\htdocs\BypassDx11\C++\ImGui\dxsdk\Include\d3d11.h(920,1): warning C4005: 'D3D11_ERROR_DEFERRED_CONTEXT_MAP_WITHOUT_INITIAL_DISCARD': redefinição de macro
C:\Program Files (x86)\Windows Kits\10\Include\10.0.22000.0\shared\winerror.h(58198,1): message : consulte a definição anterior de 'D3D11_ERROR_DEFERRED_CONTEXT_MAP_WITHOUT_INITIAL_DISCARD'
C:\xampp\htdocs\BypassDx11\C++\ImGui\dxsdk\Include\d3d10.h(608,1): warning C4005: 'D3D10_ERROR_TOO_MANY_UNIQUE_STATE_OBJECTS': redefinição de macro
C:\Program Files (x86)\Windows Kits\10\Include\10.0.22000.0\shared\winerror.h(58146,1): message : consulte a definição anterior de 'D3D10_ERROR_TOO_MANY_UNIQUE_STATE_OBJECTS'
C:\xampp\htdocs\BypassDx11\C++\ImGui\dxsdk\Include\d3d10.h(609,1): warning C4005: 'D3D10_ERROR_FILE_NOT_FOUND': redefinição de macro
C:\Program Files (x86)\Windows Kits\10\Include\10.0.22000.0\shared\winerror.h(58155,1): message : consulte a definição anterior de 'D3D10_ERROR_FILE_NOT_FOUND'
C:\xampp\htdocs\BypassDx11\C++\ImGui\main.hpp(91,117): warning C4244: 'argumento': conversão de 'float' para 'int', possível perda de dados
C:\xampp\htdocs\BypassDx11\C++\ImGui\main.hpp(91,104): warning C4244: 'argumento': conversão de 'float' para 'int', possível perda de dados
C:\xampp\htdocs\BypassDx11\C++\ImGui\main.hpp(91,68): warning C4244: 'argumento': conversão de 'float' para 'int', possível perda de dados
C:\xampp\htdocs\BypassDx11\C++\ImGui\main.hpp(91,34): warning C4244: 'argumento': conversão de 'float' para 'int', possível perda de dados
C:\xampp\htdocs\BypassDx11\C++\ImGui\main.cpp(23,242): warning C4244: 'argumento': conversão de 'float' para 'int', possível perda de dados
C:\xampp\htdocs\BypassDx11\C++\ImGui\main.cpp(23,229): warning C4244: 'argumento': conversão de 'float' para 'int', possível perda de dados
C:\xampp\htdocs\BypassDx11\C++\ImGui\main.cpp(23,199): warning C4244: 'argumento': conversão de 'float' para 'int', possível perda de dados
C:\xampp\htdocs\BypassDx11\C++\ImGui\main.cpp(23,142): warning C4244: 'argumento': conversão de 'float' para 'int', possível perda de dados
C:\xampp\htdocs\BypassDx11\C++\ImGui\main.cpp(170,37): warning C4244: 'inicializando': conversão de 'double' para 'float', possível perda de dados
C:\xampp\htdocs\BypassDx11\C++\ImGui\main.cpp(182,36): warning C4244: 'inicializando': conversão de 'double' para 'float', possível perda de dados
C:\xampp\htdocs\BypassDx11\C++\ImGui\main.cpp(213,38): warning C4244: 'inicializando': conversão de 'double' para 'float', possível perda de dados
C:\xampp\htdocs\BypassDx11\C++\ImGui\main.cpp(377,36): warning C4244: 'inicializando': conversão de 'double' para 'float', possível perda de dados
C:\xampp\htdocs\BypassDx11\C++\ImGui\main.cpp(386,39): warning C4244: 'inicializando': conversão de 'double' para 'float', possível perda de dados
C:\xampp\htdocs\BypassDx11\C++\ImGui\main.cpp(398,38): warning C4244: 'inicializando': conversão de 'double' para 'float', possível perda de dados
C:\xampp\htdocs\BypassDx11\C++\ImGui\main.cpp(31,11): warning C4101: 'mouse': variável local não referenciada
  WinVersion.cpp
  Gerando Código...
C:\xampp\htdocs\BypassDx11\C++\ImGui\main.hpp(81): warning C4715: 'Gui::Initialize': nem todos os caminhos de controle retornam um valor
  ImGui.vcxproj -> C:\xampp\htdocs\BypassDx11\C++\release\Dx11.exe
